2024-03-86 16:54:06.331 [main] DEBUG Horse: Создание Horse, имя Bucephalus,скорость 2.4
2024-03-86 16:54:06.333 [main] DEBUG Horse: Создание Horse, имя Ace of Spades,скорость 2.5
2024-03-86 16:54:06.333 [main] DEBUG Horse: Создание Horse, имя Zephyr,скорость 2.6
2024-03-86 16:54:06.333 [main] DEBUG Horse: Создание Horse, имя Blaze,скорость 2.7
2024-03-86 16:54:06.333 [main] DEBUG Horse: Создание Horse, имя Lobster,скорость 2.8
2024-03-86 16:54:06.333 [main] DEBUG Horse: Создание Horse, имя Pegasus,скорость 2.9
2024-03-86 16:54:06.333 [main] DEBUG Horse: Создание Horse, имя Cherry,скорость 3.0
2024-03-86 16:54:06.335 [main] INFO  Main: Начало скачек. Количество участников: 7
2024-03-86 16:59:14,490 [main] DEBUG Horse: Создание Horse, имя Bucephalus,скорость 2.4
2024-03-86 16:59:14,492 [main] DEBUG Horse: Создание Horse, имя Ace of Spades,скорость 2.5
2024-03-86 16:59:14,492 [main] DEBUG Horse: Создание Horse, имя Zephyr,скорость 2.6
2024-03-86 16:59:14,492 [main] DEBUG Horse: Создание Horse, имя Blaze,скорость 2.7
2024-03-86 16:59:14,492 [main] DEBUG Horse: Создание Horse, имя Lobster,скорость 2.8
2024-03-86 16:59:14,492 [main] DEBUG Horse: Создание Horse, имя Pegasus,скорость 2.9
2024-03-86 16:59:14,493 [main] DEBUG Horse: Создание Horse, имя Cherry,скорость 3.0
2024-03-86 16:59:14,494 [main] INFO  Main: Начало скачек. Количество участников: 7
2024-03-86 17:11:55,648 [main] DEBUG Horse: Создание Horse, имя [Bucephalus],скорость [2.4]
2024-03-86 17:11:55,650 [main] DEBUG Horse: Создание Horse, имя [Ace of Spades],скорость [2.5]
2024-03-86 17:11:55,650 [main] DEBUG Horse: Создание Horse, имя [Zephyr],скорость [2.6]
2024-03-86 17:11:55,650 [main] DEBUG Horse: Создание Horse, имя [Blaze],скорость [2.7]
2024-03-86 17:11:55,650 [main] DEBUG Horse: Создание Horse, имя [Lobster],скорость [2.8]
2024-03-86 17:11:55,651 [main] DEBUG Horse: Создание Horse, имя [Pegasus],скорость [2.9]
2024-03-86 17:11:55,651 [main] DEBUG Horse: Создание Horse, имя [Cherry],скорость [3.0]
2024-03-86 17:11:55,653 [main] INFO  Main: Начало скачек. Количество участников: 7
2024-03-86 17:19:57,303 [main] DEBUG Horse: Создание Horse, имя [Bucephalus],скорость [2.4]
2024-03-86 17:19:57,304 [main] DEBUG Horse: Создание Horse, имя [Ace of Spades],скорость [2.5]
2024-03-86 17:19:57,304 [main] DEBUG Horse: Создание Horse, имя [Zephyr],скорость [2.6]
2024-03-86 17:19:57,304 [main] DEBUG Horse: Создание Horse, имя [Blaze],скорость [2.7]
2024-03-86 17:19:57,304 [main] DEBUG Horse: Создание Horse, имя [Lobster],скорость [2.8]
2024-03-86 17:19:57,305 [main] DEBUG Horse: Создание Horse, имя [Pegasus],скорость [2.9]
2024-03-86 17:19:57,305 [main] DEBUG Horse: Создание Horse, имя [Cherry],скорость [3.0]
2024-03-86 17:19:57,311 [main] DEBUG Hippodrome: Создание Hippodrome, лошадей [7]
2024-03-86 17:19:57,312 [main] INFO  Main: Начало скачек. Количество участников: 7
2024-03-86 17:24:22,793 [main] DEBUG Horse: Создание Horse, имя [Bucephalus],скорость [2.4]
2024-03-86 17:24:22,794 [main] DEBUG Horse: Создание Horse, имя [Ace of Spades],скорость [2.5]
2024-03-86 17:24:22,794 [main] DEBUG Horse: Создание Horse, имя [Zephyr],скорость [2.6]
2024-03-86 17:24:22,794 [main] DEBUG Horse: Создание Horse, имя [Blaze],скорость [2.7]
2024-03-86 17:24:22,794 [main] DEBUG Horse: Создание Horse, имя [Lobster],скорость [2.8]
2024-03-86 17:24:22,795 [main] DEBUG Horse: Создание Horse, имя [Pegasus],скорость [2.9]
2024-03-86 17:24:22,795 [main] DEBUG Horse: Создание Horse, имя [Cherry],скорость [3.0]
2024-03-86 17:24:22,795 [main] DEBUG Hippodrome: Создание Hippodrome, лошадей [7]
2024-03-86 17:24:22,796 [main] INFO  Main: Начало скачек. Количество участников: 7
2024-03-86 17:24:43,086 [main] INFO  Main: Окончание скачек. Победитель: Cherry
2024-03-86 17:51:58,062 [main] ERROR Horse: Name is null.
2024-03-86 18:48:17,555 [main] ERROR Horse: Name is null.
